<?xml version="1.0" encoding="UTF-8"?>
<testsuite name="CourseTest" tests="9" skipped="0" failures="0" errors="0" timestamp="2015-09-01T21:50:53" hostname="epicodus-112.local" time="0.255">
  <properties/>
  <testcase name="updateCourse_changesCourse" classname="CourseTest" time="0.127"/>
  <testcase name="save_savesCorrectlyIntoDatabase" classname="CourseTest" time="0.016"/>
  <testcase name="all_emptyAtFirst" classname="CourseTest" time="0.01"/>
  <testcase name="getId_returnsId" classname="CourseTest" time="0.018"/>
  <testcase name="getStudents_returnsStudents" classname="CourseTest" time="0.03"/>
  <testcase name="getCourseName_returnsCourseName" classname="CourseTest" time="0.015"/>
  <testcase name="equals_returnsTrueIfInputIsTheSame" classname="CourseTest" time="0.005"/>
  <testcase name="find_findsCourseInDatabase_True" classname="CourseTest" time="0.013"/>
  <testcase name="delete_DeletesFromDatabase" classname="CourseTest" time="0.02"/>
  <system-out><![CDATA[]]></system-out>
  <system-err><![CDATA[]]></system-err>
</testsuite>
